[    0.000000] Linux version 4.15.0-193-generic (buildd@lcy02-amd64-022) (gcc version 7.5.0 (Ubuntu 7.5.0-3ubuntu1~18.04)) #204-Ubuntu SMP Fri Aug 26 19:20:21 UTC 2022 (Ubuntu 4.15.0-193.204-generic 4.15.18)
[    0.000000] Command line: BOOT_IMAGE=/boot/vmlinuz-4.15.0-193-generic root=UUID=51706f95-dbe5-45ef-ae6d-07245910e270 ro console=tty1 console=ttyS0
[    0.000000] KERNEL supported cpus:
[    0.000000]   Intel GenuineIntel
[    0.000000]   AMD AuthenticAMD
[    0.000000]   Centaur CentaurHauls
[    0.000000] [Firmware Bug]: TSC doesn't count with P0 frequency!
[    0.000000] x86/fpu: x87 FPU will use FXSAVE
[    0.000000] e820: BIOS-provided physical RAM map:
[    0.000000] BIOS-e820: [mem 0x0000000000000000-0x000000000009fbff] usable
[    0.000000] BIOS-e820: [mem 0x000000000009fc00-0x000000000009ffff] reserved
[    0.000000] BIOS-e820: [mem 0x00000000000f0000-0x00000000000fffff] reserved
[    0.000000] BIOS-e820: [mem 0x0000000000100000-0x000000007ffeffff] usable
[    0.000000] BIOS-e820: [mem 0x000000007fff0000-0x000000007fffffff] ACPI data
[    0.000000] BIOS-e820: [mem 0x00000000fec00000-0x00000000fec00fff] reserved
[    0.000000] BIOS-e820: [mem 0x00000000fee00000-0x00000000fee00fff] reserved
[    0.000000] BIOS-e820: [mem 0x00000000fffc0000-0x00000000ffffffff] reserved
[    0.000000] NX (Execute Disable) protection: active
[    0.000000] SMBIOS 2.5 present.
[    0.000000] DMI: innotek GmbH VirtualBox/VirtualBox, BIOS VirtualBox 12/01/2006
[    0.000000] Hypervisor detected: KVM
[    0.000000] e820: last_pfn = 0x7fff0 max_arch_pfn = 0x400000000
[    0.000000] MTRR: Disabled
[    0.000000] x86/PAT: MTRRs disabled, skipping PAT initialization too.
[    0.000000] CPU MTRRs all blank - virtualized system.
[    0.000000] x86/PAT: Configuration [0-7]: WB  WT  UC- UC  WB  WT  UC- UC  
[    0.000000] found SMP MP-table at [mem 0x0009fff0-0x0009ffff]
[    0.000000] Scanning 1 areas for low memory corruption
[    0.000000] RAMDISK: [mem 0x3581d000-0x36c05fff]
[    0.000000] ACPI: Early table checksum verification disabled
[    0.000000] ACPI: RSDP 0x00000000000E0000 000024 (v02 VBOX  )
[    0.000000] ACPI: XSDT 0x000000007FFF0030 00003C (v01 VBOX   VBOXXSDT 00000001 ASL  00000061)
[    0.000000] ACPI: FACP 0x000000007FFF00F0 0000F4 (v04 VBOX   VBOXFACP 00000001 ASL  00000061)
[    0.000000] ACPI: DSDT 0x000000007FFF0470 002325 (v02 VBOX   VBOXBIOS 00000002 INTL 20100528)
[    0.000000] ACPI: FACS 0x000000007FFF0200 000040
[    0.000000] ACPI: FACS 0x000000007FFF0200 000040
[    0.000000] ACPI: APIC 0x000000007FFF0240 000054 (v02 VBOX   VBOXAPIC 00000001 ASL  00000061)
[    0.000000] ACPI: SSDT 0x000000007FFF02A0 0001CC (v01 VBOX   VBOXCPUT 00000002 INTL 20100528)
[    0.000000] ACPI: Reserving FACP table memory at [mem 0x7fff00f0-0x7fff01e3]
[    0.000000] ACPI: Reserving DSDT table memory at [mem 0x7fff0470-0x7fff2794]
[    0.000000] ACPI: Reserving FACS table memory at [mem 0x7fff0200-0x7fff023f]
[    0.000000] ACPI: Reserving FACS table memory at [mem 0x7fff0200-0x7fff023f]
[    0.000000] ACPI: Reserving APIC table memory at [mem 0x7fff0240-0x7fff0293]
[    0.000000] ACPI: Reserving SSDT table memory at [mem 0x7fff02a0-0x7fff046b]
[    0.000000] No NUMA configuration found
[    0.000000] Faking a node at [mem 0x0000000000000000-0x000000007ffeffff]
[    0.000000] NODE_DATA(0) allocated [mem 0x7ffc5000-0x7ffeffff]
[    0.000000] kvm-clock: cpu 0, msr 0:7ff44001, primary cpu clock
[    0.000000] kvm-clock: Using msrs 4b564d01 and 4b564d00
[    0.000000] kvm-clock: using sched offset of 4920787164 cycles
[    0.000000] clocksource: kvm-clock: mask: 0xffffffffffffffff max_cycles: 0x1cd42e4dffb, max_idle_ns: 881590591483 ns
[    0.000000] Zone ranges:
[    0.000000]   DMA      [mem 0x0000000000001000-0x0000000000ffffff]
[    0.000000]   DMA32    [mem 0x0000000001000000-0x000000007ffeffff]
[    0.000000]   Normal   empty
[    0.000000]   Device   empty
[    0.000000] Movable zone start for each node
[    0.000000] Early memory node ranges
[    0.000000]   node   0: [mem 0x0000000000001000-0x000000000009efff]
[    0.000000]   node   0: [mem 0x0000000000100000-0x000000007ffeffff]
[    0.000000] Reserved but unavailable: 104 pages
[    0.000000] Initmem setup node 0 [mem 0x0000000000001000-0x000000007ffeffff]
[    0.000000] ACPI: PM-Timer IO Port: 0x4008
[    0.000000] IOAPIC[0]: apic_id 1, version 32, address 0xfec00000, GSI 0-23
[    0.000000] ACPI: INT_SRC_OVR (bus 0 bus_irq 0 global_irq 2 dfl dfl)
[    0.000000] ACPI: INT_SRC_OVR (bus 0 bus_irq 9 global_irq 9 low level)
[    0.000000] Using ACPI (MADT) for SMP configuration information
[    0.000000] smpboot: Allowing 1 CPUs, 0 hotplug CPUs
[    0.000000] PM: Registered nosave memory: [mem 0x00000000-0x00000fff]
[    0.000000] PM: Registered nosave memory: [mem 0x0009f000-0x0009ffff]
[    0.000000] PM: Registered nosave memory: [mem 0x000a0000-0x000effff]
[    0.000000] PM: Registered nosave memory: [mem 0x000f0000-0x000fffff]
[    0.000000] e820: [mem 0x80000000-0xfebfffff] available for PCI devices
[    0.000000] Booting paravirtualized kernel on KVM
[    0.000000] clocksource: refined-jiffies: mask: 0xffffffff max_cycles: 0xffffffff, max_idle_ns: 7645519600211568 ns
[    0.000000] random: get_random_bytes called from start_kernel+0x99/0x500 with crng_init=0
[    0.000000] setup_percpu: NR_CPUS:8192 nr_cpumask_bits:1 nr_cpu_ids:1 nr_node_ids:1
[    0.000000] percpu: Embedded 50 pages/cpu s167936 r8192 d28672 u2097152
[    0.000000] PV qspinlock hash table entries: 256 (order: 0, 4096 bytes)
[    0.000000] Built 1 zonelists, mobility grouping on.  Total pages: 515961
[    0.000000] Policy zone: DMA32
[    0.000000] Kernel command line: BOOT_IMAGE=/boot/vmlinuz-4.15.0-193-generic root=UUID=51706f95-dbe5-45ef-ae6d-07245910e270 ro console=tty1 console=ttyS0
[    0.000000] Memory: 2014180K/2096696K available (12300K kernel code, 2484K rwdata, 4324K rodata, 2468K init, 2724K bss, 82516K reserved, 0K cma-reserved)
[    0.000000] SLUB: HWalign=64, Order=0-3, MinObjects=0, CPUs=1, Nodes=1
[    0.000000] ftrace: allocating 39483 entries in 155 pages
[    0.004000] Hierarchical RCU implementation.
[    0.004000] 	RCU restricting CPUs from NR_CPUS=8192 to nr_cpu_ids=1.
[    0.004000] 	Tasks RCU enabled.
[    0.004000] RCU: Adjusting geometry for rcu_fanout_leaf=16, nr_cpu_ids=1
[    0.004000] NR_IRQS: 524544, nr_irqs: 256, preallocated irqs: 16
[    0.004000] Console: colour VGA+ 80x25
[    0.004000] console [tty1] enabled
[    0.004000] console [ttyS0] enabled
[    0.004000] ACPI: Core revision 20170831
[    0.004000] ACPI: 2 ACPI AML tables successfully acquired and loaded
[    0.004000] APIC: Switch to symmetric I/O mode setup
[    0.008000] ..TIMER: vector=0x30 apic1=0 pin1=2 apic2=-1 pin2=-1
[    0.008007] tsc: Detected 2095.992 MHz processor
[    0.012012] Calibrating delay loop (skipped) preset value.. 4191.98 BogoMIPS (lpj=8383968)
[    0.016008] pid_max: default: 32768 minimum: 301
[    0.020072] Security Framework initialized
[    0.024009] Yama: becoming mindful.
[    0.028039] AppArmor: AppArmor initialized
[    0.041791] Dentry cache hash table entries: 262144 (order: 9, 2097152 bytes)
[    0.048000] Inode-cache hash table entries: 131072 (order: 8, 1048576 bytes)
[    0.052027] Mount-cache hash table entries: 4096 (order: 3, 32768 bytes)
[    0.056161] Mountpoint-cache hash table entries: 4096 (order: 3, 32768 bytes)
[    0.064651] CPU0: Hyper-Threading is disabled
[    0.068089] Last level iTLB entries: 4KB 1024, 2MB 1024, 4MB 512
[    0.076008] Last level dTLB entries: 4KB 1536, 2MB 1536, 4MB 768, 1GB 0
[    0.080005] Spectre V1 : Mitigation: usercopy/swapgs barriers and __user pointer sanitization
[    0.084011] Spectre V2 : Mitigation: Retpolines
[    0.088008] Spectre V2 : Spectre v2 / SpectreRSB mitigation: Filling RSB on context switch
[    0.096000] Freeing SMP alternatives memory: 36K
[    0.208708] smpboot: CPU0: AMD Ryzen 5 PRO 3500U w/ Radeon Vega Mobile Gfx (family: 0x17, model: 0x18, stepping: 0x1)
[    0.216102] Performance Events: PMU not available due to virtualization, using software events only.
[    0.220173] Hierarchical SRCU implementation.
[    0.224942] NMI watchdog: Perf event create on CPU 0 failed with -2
[    0.228010] NMI watchdog: Perf NMI watchdog permanently disabled
[    0.232378] smp: Bringing up secondary CPUs ...
[    0.236007] smp: Brought up 1 node, 1 CPU
[    0.240010] smpboot: Max logical packages: 1
[    0.244125] smpboot: Total of 1 processors activated (4191.98 BogoMIPS)
[    0.248472] devtmpfs: initialized
[    0.252198] x86/mm: Memory block size: 128MB
[    0.256806] evm: security.selinux
[    0.260007] evm: security.SMACK64
[    0.264009] evm: security.SMACK64EXEC
[    0.267351] evm: security.SMACK64TRANSMUTE
[    0.268004] evm: security.SMACK64MMAP
[    0.272004] evm: security.apparmor
[    0.276009] evm: security.ima
[    0.280006] evm: security.capability
[    0.284460] clocksource: jiffies: mask: 0xffffffff max_cycles: 0xffffffff, max_idle_ns: 7645041785100000 ns
[    0.288029] futex hash table entries: 256 (order: 2, 16384 bytes)
[    0.292243] pinctrl core: initialized pinctrl subsystem
[    0.296568] RTC time:  1:40:20, date: 10/10/22
[    0.300589] NET: Registered protocol family 16
[    0.304280] audit: initializing netlink subsys (disabled)
[    0.308760] cpuidle: using governor ladder
[    0.312019] audit: type=2000 audit(1665366025.882:1): state=initialized audit_enabled=0 res=1
[    0.316017] cpuidle: using governor menu
[    0.326325] ACPI: bus type PCI registered
[    0.328009] acpiphp: ACPI Hot Plug PCI Controller Driver version: 0.5
[    0.332633] PCI: Using configuration type 1 for base access
[    0.336008] PCI: Using configuration type 1 for extended access
[    0.342445] HugeTLB registered 2.00 MiB page size, pre-allocated 0 pages
[    0.345674] ACPI: Added _OSI(Module Device)
[    0.348009] ACPI: Added _OSI(Processor Device)
[    0.352011] ACPI: Added _OSI(3.0 _SCP Extensions)
[    0.356011] ACPI: Added _OSI(Processor Aggregator Device)
[    0.360023] ACPI: Added _OSI(Linux-Dell-Video)
[    0.364024] ACPI: Added _OSI(Linux-Lenovo-NV-HDMI-Audio)
[    0.368013] ACPI: Added _OSI(Linux-HPI-Hybrid-Graphics)
[    0.373047] ACPI: Executed 1 blocks of module-level executable AML code
[    0.382420] ACPI: Interpreter enabled
[    0.384031] ACPI: (supports S0 S5)
[    0.388005] ACPI: Using IOAPIC for interrupt routing
[    0.392676] PCI: Using host bridge windows from ACPI; if necessary, use "pci=nocrs" and report a bug
[    0.396325] ACPI: Enabled 2 GPEs in block 00 to 07
[    0.414280] ACPI: PCI Root Bridge [PCI0] (domain 0000 [bus 00-ff])
[    0.416028] acpi PNP0A03:00: _OSC: OS supports [ExtendedConfig ASPM ClockPM Segments MSI]
[    0.422548] acpi PNP0A03:00: _OSC: platform does not support [PCIeCapability]
[    0.424940] acpi PNP0A03:00: _OSC: not requesting control; platform does not support [PCIeCapability]
[    0.428014] acpi PNP0A03:00: _OSC: OS requested [PCIeHotplug PME AER PCIeCapability]
[    0.432009] acpi PNP0A03:00: _OSC: platform willing to grant [PCIeHotplug PME AER]
[    0.436012] acpi PNP0A03:00: _OSC failed (AE_SUPPORT); disabling ASPM
[    0.444528] PCI host bridge to bus 0000:00
[    0.448009] pci_bus 0000:00: root bus resource [io  0x0000-0x0cf7 window]
[    0.452013] pci_bus 0000:00: root bus resource [io  0x0d00-0xffff window]
[    0.456011] pci_bus 0000:00: root bus resource [mem 0x000a0000-0x000bffff window]
[    0.460016] pci_bus 0000:00: root bus resource [mem 0x80000000-0xfdffffff window]
[    0.464010] pci_bus 0000:00: root bus resource [bus 00-ff]
[    0.480819] pci 0000:00:01.1: legacy IDE quirk: reg 0x10: [io  0x01f0-0x01f7]
[    0.484006] pci 0000:00:01.1: legacy IDE quirk: reg 0x14: [io  0x03f6]
[    0.488012] pci 0000:00:01.1: legacy IDE quirk: reg 0x18: [io  0x0170-0x0177]
[    0.492011] pci 0000:00:01.1: legacy IDE quirk: reg 0x1c: [io  0x0376]
[    0.527625] pci 0000:00:07.0: quirk: [io  0x4000-0x403f] claimed by PIIX4 ACPI
[    0.528060] pci 0000:00:07.0: quirk: [io  0x4100-0x410f] claimed by PIIX4 SMB
[    0.552524] ACPI: PCI Interrupt Link [LNKA] (IRQs 5 9 10 *11)
[    0.557114] ACPI: PCI Interrupt Link [LNKB] (IRQs 5 9 *10 11)
[    0.560417] ACPI: PCI Interrupt Link [LNKC] (IRQs 5 *9 10 11)
[    0.568037] ACPI: PCI Interrupt Link [LNKD] (IRQs 5 9 10 *11)
[    0.573183] SCSI subsystem initialized
[    0.576466] pci 0000:00:02.0: vgaarb: setting as boot VGA device
[    0.580000] pci 0000:00:02.0: vgaarb: VGA device added: decodes=io+mem,owns=io+mem,locks=none
[    0.580015] pci 0000:00:02.0: vgaarb: bridge control possible
[    0.584012] vgaarb: loaded
[    0.588129] ACPI: bus type USB registered
[    0.592050] usbcore: registered new interface driver usbfs
[    0.596080] usbcore: registered new interface driver hub
[    0.600074] usbcore: registered new device driver usb
[    0.604265] EDAC MC: Ver: 3.0.0
[    0.609542] PCI: Using ACPI for IRQ routing
[    0.616870] NetLabel: Initializing
[    0.620008] NetLabel:  domain hash size = 128
[    0.624004] NetLabel:  protocols = UNLABELED CIPSOv4 CALIPSO
[    0.628339] NetLabel:  unlabeled traffic allowed by default
[    0.632311] clocksource: Switched to clocksource kvm-clock
[    0.696018] VFS: Disk quotas dquot_6.6.0
[    0.708215] VFS: Dquot-cache hash table entries: 512 (order 0, 4096 bytes)
[    0.716555] AppArmor: AppArmor Filesystem Enabled
[    0.721457] pnp: PnP ACPI init
[    0.727211] pnp: PnP ACPI: found 3 devices
[    0.740201] clocksource: acpi_pm: mask: 0xffffff max_cycles: 0xffffff, max_idle_ns: 2085701024 ns
[    0.749125] NET: Registered protocol family 2
[    0.755928] IP idents hash table entries: 32768 (order: 6, 262144 bytes)
[    0.763671] TCP established hash table entries: 16384 (order: 5, 131072 bytes)
[    0.773302] TCP bind hash table entries: 16384 (order: 6, 262144 bytes)
[    0.781429] TCP: Hash tables configured (established 16384 bind 16384)
[    0.792645] UDP hash table entries: 1024 (order: 3, 32768 bytes)
[    0.800482] UDP-Lite hash table entries: 1024 (order: 3, 32768 bytes)
[    0.808132] NET: Registered protocol family 1
[    0.812971] pci 0000:00:00.0: Limiting direct PCI/PCI transfers
[    0.820610] pci 0000:00:01.0: Activating ISA DMA hang workarounds
[    0.828802] pci 0000:00:02.0: Video device with shadowed ROM at [mem 0x000c0000-0x000dffff]
[    0.837576] Unpacking initramfs...
[    1.544018] Freeing initrd memory: 20388K
[    1.550769] clocksource: tsc: mask: 0xffffffffffffffff max_cycles: 0x1e36668feb2, max_idle_ns: 440795310268 ns
[    1.560676] platform rtc_cmos: registered platform RTC device (no PNP device found)
[    1.567900] Scanning for low memory corruption every 60 seconds
[    1.577645] Initialise system trusted keyrings
[    1.583219] Key type blacklist registered
[    1.587252] workingset: timestamp_bits=36 max_order=19 bucket_order=0
[    1.596697] zbud: loaded
[    1.600656] squashfs: version 4.0 (2009/01/31) Phillip Lougher
[    1.608237] fuse init (API version 7.26)
[    1.615354] Key type asymmetric registered
[    1.619382] Asymmetric key parser 'x509' registered
[    1.627224] Block layer SCSI generic (bsg) driver version 0.4 loaded (major 246)
[    1.635607] io scheduler noop registered
[    1.640681] io scheduler deadline registered
[    1.645178] io scheduler cfq registered (default)
[    1.650585] ACPI: AC Adapter [AC] (on-line)
[    1.654707] input: Power Button as /devices/LNXSYSTM:00/LNXPWRBN:00/input/input0
[    1.662086] ACPI: Power Button [PWRF]
[    1.665946] input: Sleep Button as /devices/LNXSYSTM:00/LNXSLPBN:00/input/input1
[    1.672992] ACPI: Sleep Button [SLPF]
[    1.678530] ACPI: Battery Slot [BAT0] (battery present)
[    1.683625] Serial: 8250/16550 driver, 32 ports, IRQ sharing enabled
[    1.726308] 00:02: ttyS0 at I/O 0x3f8 (irq = 4, base_baud = 115200) is a 16550A
[    1.740019] Linux agpgart interface v0.103
[    1.754042] loop: module loaded
[    1.762616] scsi host0: ata_piix
[    1.766248] scsi host1: ata_piix
[    1.769380] ata1: PATA max UDMA/33 cmd 0x1f0 ctl 0x3f6 bmdma 0xd000 irq 14
[    1.778822] ata2: PATA max UDMA/33 cmd 0x170 ctl 0x376 bmdma 0xd008 irq 15
[    1.787230] tun: Universal TUN/TAP device driver, 1.6
[    1.795116] PPP generic driver version 2.4.2
[    1.799368] ehci_hcd: USB 2.0 'Enhanced' Host Controller (EHCI) Driver
[    1.807086] ehci-pci: EHCI PCI platform driver
[    1.811650] ehci-platform: EHCI generic platform driver
[    1.817458] ohci_hcd: USB 1.1 'Open' Host Controller (OHCI) Driver
[    1.824858] ohci-pci: OHCI PCI platform driver
[    1.829089] ohci-platform: OHCI generic platform driver
[    1.833956] uhci_hcd: USB Universal Host Controller Interface driver
[    1.842426] i8042: PNP: PS/2 Controller [PNP0303:PS2K,PNP0f03:PS2M] at 0x60,0x64 irq 1,12
[    1.853853] serio: i8042 KBD port at 0x60,0x64 irq 1
[    1.863008] serio: i8042 AUX port at 0x60,0x64 irq 12
[    1.868989] mousedev: PS/2 mouse device common for all mice
[    1.877125] input: AT Translated Set 2 keyboard as /devices/platform/i8042/serio0/input/input2
[    1.887565] rtc_cmos rtc_cmos: rtc core: registered rtc_cmos as rtc0
[    1.896510] rtc_cmos rtc_cmos: alarms up to one day, 114 bytes nvram
[    1.903329] i2c /dev entries driver
[    1.908770] device-mapper: uevent: version 1.0.3
[    1.915512] device-mapper: ioctl: 4.37.0-ioctl (2017-09-20) initialised: dm-devel@redhat.com
[    1.925852] ledtrig-cpu: registered to indicate activity on CPUs
[    1.933232] NET: Registered protocol family 10
[    2.008130] Segment Routing with IPv6
[    2.011891] NET: Registered protocol family 17
[    2.016219] Key type dns_resolver registered
[    2.020617] mce: Using 0 MCE banks
[    2.026627] RAS: Correctable Errors collector initialized.
[    2.033630] sched_clock: Marking stable (2033559196, 0)->(3230740272, -1197181076)
[    2.041087] registered taskstats version 1
[    2.045431] Loading compiled-in X.509 certificates
[    2.052318] Loaded X.509 cert 'Build time autogenerated kernel key: b9e621348ccbcfe28d0c51e4c3b595dc856bdd44'
[    2.066250] Loaded X.509 cert 'Canonical Ltd. Live Patch Signing: 14df34d1a87cf37625abec039ef2bf521249b969'
[    2.075710] Loaded X.509 cert 'Canonical Ltd. Kernel Module Signing: 88f752e560a1e0737e31163a466ad7b70a850c19'
[    2.084627] blacklist: Loading compiled-in revocation X.509 certificates
[    2.093690] Loaded X.509 cert 'Canonical Ltd. Secure Boot Signing: 61482aa2830d0ab2ad5af10b7250da9033ddcef0'
[    2.103863] zswap: loaded using pool lzo/zbud
[    2.117065] Key type big_key registered
[    2.120918] Key type trusted registered
[    2.126635] Key type encrypted registered
[    2.130664] AppArmor: AppArmor sha1 policy hashing enabled
[    2.135636] ima: No TPM chip found, activating TPM-bypass! (rc=-19)
[    2.142692] ima: Allocated hash algorithm: sha1
[    2.147053] evm: HMAC attrs: 0x1
[    2.151440]   Magic number: 10:12:660
[    2.155680] rtc_cmos rtc_cmos: setting system clock to 2022-10-10 01:40:22 UTC (1665366022)
[    2.163802] BIOS EDD facility v0.16 2004-Jun-25, 0 devices found
[    2.169489] EDD information not available.
[    2.177777] Freeing unused kernel image memory: 2468K
[    2.188854] Write protecting the kernel read-only data: 20480k
[    2.194793] Freeing unused kernel image memory: 2008K
[    2.199799] Freeing unused kernel image memory: 1820K
[    2.211845] x86/mm: Checked W+X mappings: passed, no W+X pages found.
Loading, please wait...
starting version 237
[    2.369708] e1000: Intel(R) PRO/1000 Network Driver - version 7.3.21-k8-NAPI
[    2.380113] e1000: Copyright (c) 1999-2006 Intel Corporation.
[    2.390380] Fusion MPT base driver 3.04.20
[    2.394503] Copyright (c) 1999-2008 LSI Corporation
[    2.511431] Fusion MPT SPI Host driver 3.04.20
[    2.737481] input: ImExPS/2 Generic Explorer Mouse as /devices/platform/i8042/serio1/input/input4
[    3.384802] e1000 0000:00:03.0 eth0: (PCI:33MHz:32-bit) 02:7d:7d:ce:01:7d
[    3.396274] e1000 0000:00:03.0 eth0: Intel(R) PRO/1000 Network Connection
[    3.404610] mptbase: ioc0: Initiating bringup
[    3.513054] ioc0: LSI53C1030 A0: Capabilities={Initiator}
[    3.774722] scsi host2: ioc0: LSI53C1030 A0, FwRev=00000000h, Ports=1, MaxQ=256, IRQ=20
[    3.954160] scsi 2:0:0:0: Direct-Access     VBOX     HARDDISK         1.0  PQ: 0 ANSI: 5
[    3.967684] scsi target2:0:0: Beginning Domain Validation
[    3.974237] random: fast init done
[    3.981695] scsi target2:0:0: Domain Validation skipping write tests
[    3.990855] scsi target2:0:0: Ending Domain Validation
[    3.996871] scsi target2:0:0: asynchronous
[    4.002385] scsi 2:0:1:0: Direct-Access     VBOX     HARDDISK         1.0  PQ: 0 ANSI: 5
[    4.010433] scsi target2:0:1: Beginning Domain Validation
[    4.048023] scsi target2:0:1: Domain Validation skipping write tests
[    4.055995] scsi target2:0:1: Ending Domain Validation
[    4.077439] scsi target2:0:1: asynchronous
[    4.190580] sd 2:0:0:0: Attached scsi generic sg0 type 0
[    4.201181] random: systemd-udevd: uninitialized urandom read (16 bytes read)
[    4.211871] sd 2:0:0:0: [sda] 83886080 512-byte logical blocks: (42.9 GB/40.0 GiB)
[    4.224494] sd 2:0:1:0: [sdb] 20480 512-byte logical blocks: (10.5 MB/10.0 MiB)
[    4.236093] sd 2:0:1:0: Attached scsi generic sg1 type 0
[    4.252764] sd 2:0:0:0: [sda] Write Protect is off
[    4.269661] sd 2:0:1:0: [sdb] Write Protect is off
[    4.277552] sd 2:0:0:0: [sda] Incomplete mode parameter data
[    4.286615] sd 2:0:0:0: [sda] Assuming drive cache: write through
[    4.296321] random: systemd-udevd: uninitialized urandom read (16 bytes read)
[    4.314709] sd 2:0:1:0: [sdb] Incomplete mode parameter data
[    4.320792] sd 2:0:1:0: [sdb] Assuming drive cache: write through
[    4.329305] random: systemd-udevd: uninitialized urandom read (16 bytes read)
[    4.354258]  sda: sda1
[    4.363160] sd 2:0:0:0: [sda] Attached SCSI disk
[    4.370795] sd 2:0:1:0: [sdb] Attached SCSI disk
[    4.956445] e1000 0000:00:08.0 eth1: (PCI:33MHz:32-bit) 08:00:27:db:fc:7f
[    4.965371] e1000 0000:00:08.0 eth1: Intel(R) PRO/1000 Network Connection
[    4.973681] e1000 0000:00:08.0 enp0s8: renamed from eth1
[    4.994305] e1000 0000:00:03.0 enp0s3: renamed from eth0
Begin: Loading essential drivers ... [    7.156129] raid6: sse2x1   gen()  7272 MB/s
[    7.208284] raid6: sse2x1   xor()  4780 MB/s
[    7.262096] raid6: sse2x2   gen() 12275 MB/s
[    7.316132] raid6: sse2x2   xor()  8030 MB/s
[    7.369165] raid6: sse2x4   gen() 13560 MB/s
[    7.424134] raid6: sse2x4   xor()  6954 MB/s
[    7.431437] raid6: using algorithm sse2x4 gen() 13560 MB/s
[    7.437824] raid6: .... xor() 6954 MB/s, rmw enabled
[    7.442653] raid6: using ssse3x2 recovery algorithm
[    7.448583] xor: measuring software checksum speed
[    7.564080]    prefetch64-sse: 33271.000 MB/sec
[    7.680379]    generic_sse: 31488.000 MB/sec
[    7.684581] xor: using function: prefetch64-sse (33271.000 MB/sec)
[    7.696152] async_tx: api initialized (async)
done.
Begin: Running /scripts/init-premount ... done.
Begin: Mounting root file system ... Begin: Running /scripts/local-top ... done.
Begin: Running /scripts/local-premount ... [    7.785202] Btrfs loaded, crc32c=crc32c-intel
Scanning for Btrfs filesystems
done.
Begin: Will now check root file system ... fsck from util-linux 2.31.1
[/sbin/fsck.ext4 (1) -- /dev/sda1] fsck.ext4 -a -C0 /dev/sda1 
cloudimg-rootfs: clean, 145184/5120000 files, 1375572/10485499 blocks
done.
[    7.886478] EXT4-fs (sda1): mounted filesystem with ordered data mode. Opts: (null)
done.
Begin: Running /scripts/local-bottom ... done.
Begin: Running /scripts/init-bottom ... done.
[    8.259188] ip_tables: (C) 2000-2006 Netfilter Core Team
[    8.289573] systemd[1]: systemd 237 running in system mode. (+PAM +AUDIT +SELINUX +IMA +APPARMOR +SMACK +SYSVINIT +UTMP +LIBCRYPTSETUP +GCRYPT +GNUTLS +ACL +XZ +LZ4 +SECCOMP +BLKID +ELFUTILS +KMOD -IDN2 +IDN -PCRE2 default-hierarchy=hybrid)
[    8.310125] systemd[1]: Detected virtualization oracle.
[    8.315642] systemd[1]: Detected architecture x86-64.

Welcome to [1mUbuntu 18.04.6 LTS[0m!

[    8.327659] systemd[1]: Set hostname to <jenkins>.
[    8.865655] systemd[1]: Set up automount Arbitrary Executable File Formats File System Automount Point.
[[0;32m  OK  [0m] Set up automount Arbitrary Executab…rmats File System Automount Point.
[    8.883004] systemd[1]: Reached target Swap.
[[0;32m  OK  [0m] Reached target Swap.
[    8.892972] systemd[1]: Started Forward Password Requests to Wall Directory Watch.
[[0;32m  OK  [0m] Started Forward Password Requests to Wall Directory Watch.
[    8.909212] systemd[1]: Created slice System Slice.
[[0;32m  OK  [0m] Created slice System Slice.
[    8.920222] systemd[1]: Listening on udev Kernel Socket.
[[0;32m  OK  [0m] Listening on udev Kernel Socket.
[    8.931510] systemd[1]: Listening on LVM2 poll daemon socket.
[[0;32m  OK  [0m] Listening on LVM2 poll daemon socket.
[[0;32m  OK  [0m] Created slice system-serial\x2dgetty.slice.
[[0;32m  OK  [0m] Listening on LVM2 metadata daemon socket.
[[0;32m  OK  [0m] Listening on Device-mapper event daemon FIFOs.
[[0;32m  OK  [0m] Listening on Journal Audit Socket.
[[0;32m  OK  [0m] Listening on Network Service Netlink Socket.
[[0;32m  OK  [0m] Listening on Journal Socket.
         Starting Load Kernel Modules...
         Starting Monitoring of LVM2 mirrors…ng dmeventd or progress polling...
         [    9.013462] Loading iSCSI transport class v2.0-870.
Starting Create list of required st…ce nodes for the current kernel...
         Mounting POSIX Message Queue File System...
         Starting Set the console keyboard layout...
[[0;32m  OK  [0m] Listening on udev Control Socket.
         Starting udev Coldplug all Devices...
[[0;32m  OK  [0m] Listening on Syslog Socket.
         Mounting Huge Pages File System...[    9.095661] iscsi: registered transport (tcp)

         Mounting Kernel Debug File System...
[[0;32m  OK  [0m] Created slice User and Session Slice.
         Starting Uncomplicated firewall...
[[0;32m  OK  [0m] Reached target User and Group Name Lookups.
[[0;32m  OK  [0m] Listening on Journal Socket (/dev/log).
         Starting Journal Service...
[[0;32m  OK  [0m] Listening on /dev/initctl Compatibility Named Pipe.
[[0;32m  OK  [0m] Reached target Slices.
[[0;32m  OK  [0m] Listening on fsck to fsckd communication Socket.
         Starting Remount Root and Kernel File Systems...
[[0;32m  OK  [0m] Reached target System Time Synchronized.
[[0;32m  OK  [0m] Started Create list of required sta…vice nodes for the current kernel.
[[0;32m  OK  [0m] Mounted POSIX Message Queue File System.
[[0;32m  OK  [0m] Mounted Huge Pages File System.
[[0;32m  OK  [0m] Mounted Kernel Debug File System.[    9.312675] EXT4-fs (sda1): re-mounted. Opts: (null)

[[0;32m  OK  [0m] Started Uncomplicated firewall.
[    9.334260] iscsi: registered transport (iser)
[[0;32m  OK  [0m] Started LVM2 metadata daemon.
         Starting Create Static Device Nodes in /dev...
[[0;32m  OK  [0m] Started Journal Service.
[[0;32m  OK  [0m] Started Remount Root and Kernel File Systems.
         Starting Flush Journal to Persistent Storage...
         Starting Load/Save Random Seed...
[[0;32m  OK  [0m] Started Load Kernel Modules.
[[0;32m  OK  [0m] Started Monitoring of LVM2 mirrors,…sing dmeventd or progress polling.
[[0;32m  OK  [0m] Started udev Coldplug all Devices.
[[0;32m  OK  [0m] Started Load/Save Random Seed.
         Mounting Kernel Configuration File System...
         Starting Apply Kernel Variables...
         Mounting FUSE Control File System...
[[0;32m  OK  [0m] Started Create Static Device Nodes in /dev.
[[0;32m  OK  [0m] Mounted Kernel Configuration File System.
[[0;32m  OK  [0m] Mounted FUSE Control File System.
[[0;32m  OK  [0m] Started Apply Kernel Variables.
         Starting udev Kernel Device Manager...
[[0;32m  OK  [0m] Started Set the console keyboard layout.
[[0;32m  OK  [0m] Reached target Local File Systems (Pre).
[[0;32m  OK  [0m] Reached target Local File Systems.
         Starting Tell Plymouth To Write Out Runtime Data...
         Starting ebtables ruleset management...
         Starting Set console font and keymap...
         Starting AppArmor initialization...
[[0;32m  OK  [0m] Started Tell Plymouth To Write Out Runtime Data.
[[0;32m  OK  [0m] Started udev Kernel Device Manager.
[[0;32m  OK  [0m] Started Dispatch Password Requests to Console Directory Watch.
[[0;32m  OK  [0m] Reached target Local Encrypted Volumes.
[[0;32m  OK  [0m] Started Set console font and keymap.
[[0;32m  OK  [0m] Started Flush Journal to Persistent Storage.
         Starting Create Volatile Files and Directories...
[[0;32m  OK  [0m] Started Create Volatile Files and Directories.
[[0;32m  OK  [0m] Started ebtables ruleset management.
         Starting Update UTMP about System Boot/Shutdown...
[[0;32m  OK  [0m] Started Update UTMP about System Boot/Shutdown.
[[0;32m  OK  [0m] Started AppArmor initialization.
         Starting Load AppArmor profiles managed internally by snapd...
         Starting Initial cloud-init job (pre-networking)...
[[0;32m  OK  [0m] Started Load AppArmor profiles managed internally by snapd.
[[0;32m  OK  [0m] Found device /dev/ttyS0.
[[0;32m  OK  [0m] Listening on Load/Save RF Kill Switch Status /dev/rfkill Watch.
[   13.422501] cloud-init[504]: Cloud-init v. 22.2-0ubuntu1~18.04.3 running 'init-local' at Mon, 10 Oct 2022 01:40:33 +0000. Up 13.14 seconds.
[[0;32m  OK  [0m] Started Initial cloud-init job (pre-networking).
[[0;32m  OK  [0m] Reached target Network (Pre).
         Starting Network Service...
[[0;32m  OK  [0m] Started Network Service.
         Starting Wait for Network to be Configured...
         Starting Network Name Resolution...
[[0;32m  OK  [0m] Started Network Name Resolution.
[[0;32m  OK  [0m] Reached target Host and Network Name Lookups.
[[0;32m  OK  [0m] Reached target Network.
[[0;32m  OK  [0m] Started Wait for Network to be Configured.
         Starting Initial cloud-init job (metadata service crawler)...
[   17.168453] cloud-init[640]: Cloud-init v. 22.2-0ubuntu1~18.04.3 running 'init' at Mon, 10 Oct 2022 01:40:37 +0000. Up 16.94 seconds.
[   17.189594] cloud-init[640]: ci-info: ++++++++++++++++++++++++++++++++++++++Net device info+++++++++++++++++++++++++++++++++++++++
[   17.207644] cloud-init[640]: ci-info: +--------+------+-----------------------------+---------------+--------+-------------------+
[   17.231728] cloud-init[640]: ci-info: | Device |  Up  |           Address           |      Mask     | Scope  |     Hw-Address    |
[   17.252657] cloud-init[640]: ci-info: +--------+------+-----------------------------+---------------+--------+-------------------+
[   17.274969] cloud-init[640]: ci-info: | enp0s3 | True |          10.0.2.15          | 255.255.255.0 | global | 02:7d:7d:ce:01:7d |
[   17.299088] cloud-init[640]: ci-info: | enp0s3 | True |  fe80::7d:7dff:fece:17d/64  |       .       |  link  | 02:7d:7d:ce:01:7d |
[   17.310780] cloud-init[640]: ci-info: | enp0s8 | True |         192.168.0.10        | 255.255.255.0 | global | 08:00:27:db:fc:7f |
[   17.332601] cloud-init[640]: ci-info: | enp0s8 | True | fe80::a00:27ff:fedb:fc7f/64 |       .       |  link  | 08:00:27:db:fc:7f |
[   17.345212] cloud-init[640]: ci-info: |   lo   | True |          127.0.0.1          |   255.0.0.0   |  host  |         .         |
[   17.356950] cloud-init[640]: ci-info: |   lo   | True |           ::1/128           |       .       |  host  |         .         |
[   17.375099] cloud-init[640]: ci-info: +--------+------+-----------------------------+---------------+--------+-------------------+
[   17.392369] cloud-init[640]: ci-info: ++++++++++++++++++++++++++++Route IPv4 info+++++++++++++++++++++++++++++
[   17.406922] cloud-init[640]: ci-info: +-------+-------------+----------+-----------------+-----------+-------+
[   17.415772] cloud-init[640]: ci-info: | Route | Destination | Gateway  |     Genmask     | Interface | Flags |
[   17.426406] cloud-init[640]: ci-info: +-------+-------------+----------+-----------------+-----------+-------+
[   17.439908] cloud-init[640]: ci-info: |   0   |   0.0.0.0   | 10.0.2.2 |     0.0.0.0     |   enp0s3  |   UG  |
[   17.450772] cloud-init[640]: ci-info: |   1   |   10.0.2.0  | 0.0.0.0  |  255.255.255.0  |   enp0s3  |   U   |
[   17.472488] cloud-init[640]: ci-info: |   2   |   10.0.2.2  | 0.0.0.0  | 255.255.255.255 |   enp0s3  |   UH  |
[   17.483976] cloud-init[640]: ci-info: |   3   | 192.168.0.0 | 0.0.0.0  |  255.255.255.0  |   enp0s8  |   U   |
[   17.515522] cloud-init[640]: ci-info: +-------+-------------+----------+-----------------+-----------+-------+
[   17.536270] cloud-init[640]: ci-info: +++++++++++++++++++Route IPv6 info+++++++++++++++++++
[   17.542096] cloud-init[640]: ci-info: +-------+-------------+---------+-----------+-------+
[   17.558246] cloud-init[640]: ci-info: | Route | Destination | Gateway | Interface | Flags |
[   17.581143] cloud-init[640]: ci-info: +-------+-------------+---------+-----------+-------+
[   17.587873] cloud-init[640]: ci-info: |   1   |  fe80::/64  |    ::   |   enp0s8  |   U   |
[   17.593956] cloud-init[640]: ci-info: |   2   |  fe80::/64  |    ::   |   enp0s3  |   U   |
[   17.613894] cloud-init[640]: ci-info: |   4   |    local    |    ::   |   enp0s3  |   U   |
[   17.620226] cloud-init[640]: ci-info: |   5   |    local    |    ::   |   enp0s8  |   U   |
[   17.633068] cloud-init[640]: ci-info: |   6   |   ff00::/8  |    ::   |   enp0s8  |   U   |
[   17.644633] cloud-init[640]: ci-info: |   7   |   ff00::/8  |    ::   |   enp0s3  |   U   |
[   17.664435] cloud-init[640]: ci-info: +-------+-------------+---------+-----------+-------+
[[0;32m  OK  [0m] Started Initial cloud-init job (metadata service crawler).
[[0;32m  OK  [0m] Reached target Cloud-config availability.
[[0;32m  OK  [0m] Reached target Network is Online.
         Starting Availability of block devices...
[[0;32m  OK  [0m] Reached target Remote File Systems (Pre).
         Mounting /vagrant...
[[0;32m  OK  [0m] Reached target System Initialization.
         Starting LXD - unix socket.
[[0;32m  OK  [0m] Listening on D-Bus System Message Bus Socket.
[[0;32m  OK  [0m] Started Ubuntu Advantage Timer for running repeated jobs.
[[0;32m  OK  [0m] Started Message of the Day.
[[0;32m  OK  [0m] Started Daily apt download activities.
[[0;32m  OK  [0m] Listening on cloud-init hotplug hook socket.
[[0;32m  OK  [0m] Listening on UUID daemon activation socket.
[[0;32m  OK  [0m] Started Discard unused blocks once a week.
[[0;32m  OK  [0m] Listening on ACPID Listen Socket.
         Starting Socket activation for snappy daemon.
[[0;32m  OK  [0m] Started Daily Cleanup of Temporary Directories.
[[0;32m  OK  [0m] Listening on Open-iSCSI iscsid Socket.
         Starting Docker Socket for the API.
[[0;32m  OK  [0m] Started ACPI Events Check.
[[0;32m  OK  [0m] Reached target Paths.
[[0;32m  OK  [0m] Started Daily apt upgrade and clean activities.
[[0;32m  OK  [0m] Reached target Timers.
[[0;32m  OK  [0m] Started Availability of block devices.
[[0;32m  OK  [0m] Mounted /vagrant.
[[0;32m  OK  [0m] Listening on LXD - unix socket.
[[0;32m  OK  [0m] Listening on Socket activation for snappy daemon.
[[0;32m  OK  [0m] Listening on Docker Socket for the API.
[[0;32m  OK  [0m] Reached target Sockets.
[[0;32m  OK  [0m] Reached target Basic System.
[[0;32m  OK  [0m] Started Deferred execution scheduler.
         Starting Login Service...
         Starting LSB: Record successful boot for GRUB...
         Starting System Logging Service...
         Starting Jenkins Continuous Integration Server...
         Starting Accounts Service...
[[0;32m  OK  [0m] Started Regular background program processing daemon.
         Starting Virtualbox guest utils...
         Starting Snap Daemon...
[[0;32m  OK  [0m] Started FUSE filesystem for LXC.
         Starting OpenBSD Secure Shell server...
[[0;32m  OK  [0m] Started irqbalance daemon.
[[0;32m  OK  [0m] Started D-Bus System Message Bus.
[[0;32m  OK  [0m] Started Login Service.
[[0;32m  OK  [0m] Started Unattended Upgrades Shutdown.
         Starting containerd container runtime...
         Starting Dispatcher daemon for systemd-networkd...
         Starting LXD - container startup/shutdown...
[[0;32m  OK  [0m] Reached target Remote File Systems.
         Starting Permit User Sessions...
         Starting LSB: automatic crash report generation...
[[0;32m  OK  [0m] Started System Logging Service.
[[0;32m  OK  [0m] Started Permit User Sessions.
[[0;32m  OK  [0m] Started OpenBSD Secure Shell server.
         Starting Authorization Manager...
         Starting Terminate Plymouth Boot Screen...
         Starting Hold until boot process finishes up...
[[0;32m  OK  [0m] Started Terminate Plymouth Boot Screen.
[[0;32m  OK  [0m] Started Hold until boot process finishes up.
         Starting Set console scheme...
[[0;32m  OK  [0m] Started Serial Getty on ttyS0.
[[0;32m  OK  [0m] Started Set console scheme.
[[0;32m  OK  [0m] Created slice system-getty.slice.
[[0;32m  OK  [0m] Started Getty on tty1.
[[0;32m  OK  [0m] Reached target Login Prompts.
[[0;32m  OK  [0m] Started Authorization Manager.
[[0;32m  OK  [0m] Started Accounts Service.
[[0;32m  OK  [0m] Started LSB: automatic crash report generation.
[[0;32m  OK  [0m] Started LSB: Record successful boot for GRUB.
[[0;32m  OK  [0m] Started Virtualbox guest utils.
[[0;32m  OK  [0m] Created slice User Slice of vagrant.
[[0;32m  OK  [0m] Started LXD - container startup/shutdown.
[[0;32m  OK  [0m] Started Session 1 of user vagrant.
         Starting User Manager for UID 1000...
[[0;32m  OK  [0m] Started User Manager for UID 1000.
[[0;32m  OK  [0m] Started Dispatcher daemon for systemd-networkd.
[[0;32m  OK  [0m] Started Snap Daemon.
         Starting Wait until snapd is fully seeded...
         Starting Time & Date Service...
[[0;32m  OK  [0m] Started Time & Date Service.
[[0;32m  OK  [0m] Started Wait until snapd is fully seeded.
         Starting Apply the settings specified in cloud-config...
[[0;32m  OK  [0m] Started containerd container runtime.
         Starting Docker Application Container Engine...

Ubuntu 18.04.6 LTS jenkins ttyS0

jenkins login: [   28.675689] cloud-init[1094]: Cloud-init v. 22.2-0ubuntu1~18.04.3 running 'modules:config' at Mon, 10 Oct 2022 01:40:47 +0000. Up 27.36 seconds.
[   80.599804] cloud-init[1831]: Cloud-init v. 22.2-0ubuntu1~18.04.3 running 'modules:final' at Mon, 10 Oct 2022 01:41:40 +0000. Up 80.10 seconds.
[   80.652611] cloud-init[1831]: Cloud-init v. 22.2-0ubuntu1~18.04.3 finished at Mon, 10 Oct 2022 01:41:40 +0000. Datasource DataSourceNoCloud [seed=/dev/sdb][dsmode=net].  Up 80.56 seconds
